<?xml version="1.0" encoding="UTF-8"?>
<!DOCTYPE suite SYSTEM "https://testng.org/testng-1.0.dtd">
<suite name="Regression Tests - Retry" parallel="classes" thread-count="1">
	<listeners>
		<listener class-name="com.testek.report.EmailReporter"/>
	</listeners>
	<test name="Common - Retry">
		<parameter name="browser" value="chrome"/>
		<classes>
			<class name="com.testek.projects.testscript.CreateProductTest">
				<methods>
					<include name="TK_CreateProduct_001_Valid" invocation-numbers="1"/>

				</methods>
			</class>
		</classes>
	</test>
</suite>
